<?xml version="1.0" encoding="UTF-8"?>
<!-- Generated by org.testng.reporters.JUnitReportReporter -->
<testsuite hostname="Sara-Laptop" name="tests.GetCatFactTest" tests="1" failures="0" timestamp="25 May 2020 02:43:16 GMT" time="5.434" errors="0">
  <testcase name="getRandomCatFact" time="5.434" classname="tests.GetCatFactTest"/>
</testsuite> <!-- tests.GetCatFactTest -->
